To honour the JVM settings for this build a single-use Daemon process will be forked. For more on this, please refer to https://docs.gradle.org/8.11.1/userguide/gradle_daemon.html#sec:disabling_the_daemon in the Gradle documentation.
Daemon will be stopped at the end of the build 
> Task :app:buildKotlinToolingMetadata
> Task :app:checkKotlinGradlePluginConfigurationErrors
> Task :app:preBuild UP-TO-DATE
> Task :app:preReleaseBuild UP-TO-DATE
> Task :app:generateReleaseBuildConfig
> Task :app:checkReleaseAarMetadata
> Task :app:generateReleaseResValues
> Task :app:mapReleaseSourceSetPaths
> Task :app:generateReleaseResources
> Task :app:packageReleaseResources
> Task :app:mergeReleaseResources
> Task :app:createReleaseCompatibleScreenManifests
> Task :app:extractDeepLinksRelease
> Task :app:parseReleaseLocalResources
> Task :app:processReleaseMainManifest
> Task :app:processReleaseManifest
> Task :app:javaPreCompileRelease
> Task :app:extractProguardFiles
> Task :app:mergeReleaseJniLibFolders
> Task :app:mergeReleaseNativeLibs NO-SOURCE
> Task :app:stripReleaseDebugSymbols NO-SOURCE
> Task :app:extractReleaseNativeSymbolTables NO-SOURCE
> Task :app:mergeReleaseNativeDebugMetadata NO-SOURCE
> Task :app:desugarReleaseFileDependencies
> Task :app:mergeReleaseStartupProfile
> Task :app:checkReleaseDuplicateClasses
> Task :app:mergeReleaseArtProfile
> Task :app:processReleaseManifestForPackage
> Task :app:mergeExtDexRelease
> Task :app:mergeReleaseShaders
> Task :app:compileReleaseShaders NO-SOURCE
> Task :app:generateReleaseAssets UP-TO-DATE
> Task :app:mergeReleaseAssets
> Task :app:compressReleaseAssets
> Task :app:extractReleaseVersionControlInfo
> Task :app:collectReleaseDependencies
> Task :app:sdkReleaseDependencyData
> Task :app:validateSigningRelease
> Task :app:writeReleaseAppMetadata
> Task :app:writeReleaseSigningConfigVersions
> Task :app:processReleaseResources
> Task :app:optimizeReleaseResources
> Task :app:compileReleaseKotlin
w: file:///C:/Users/lomic/Dev/orbital-belt/app/src/main/java/com/orbital/run/HealthConnectPermissionsActivity.kt:39:13 'SmallTopAppBar(() -> Unit, Modifier = ..., () -> Unit = ..., RowScope.() -> Unit = ..., WindowInsets = ..., TopAppBarColors = ..., TopAppBarScrollBehavior? = ...): Unit' is deprecated. Use TopAppBar instead.
w: file:///C:/Users/lomic/Dev/orbital-belt/app/src/main/java/com/orbital/run/HealthConnectPermissionsActivity.kt:41:44 'smallTopAppBarColors(Color = ..., Color = ..., Color = ..., Color = ..., Color = ...): TopAppBarColors' is deprecated. Use topAppBarColors instead.
w: file:///C:/Users/lomic/Dev/orbital-belt/app/src/main/java/com/orbital/run/api/GarminAPI.kt:102:31 Parameter 'context' is never used
w: file:///C:/Users/lomic/Dev/orbital-belt/app/src/main/java/com/orbital/run/api/GarminAPI.kt:102:49 Parameter 'token' is never used
w: file:///C:/Users/lomic/Dev/orbital-belt/app/src/main/java/com/orbital/run/api/GarminIntent.kt:45:21 Parameter 'context' is never used
w: file:///C:/Users/lomic/Dev/orbital-belt/app/src/main/java/com/orbital/run/api/HealthConnectManager.kt:294:13 Variable 'power' is never used
w: file:///C:/Users/lomic/Dev/orbital-belt/app/src/main/java/com/orbital/run/api/OtherAPIs.kt:560:68 Parameter '_callback' is never used
w: file:///C:/Users/lomic/Dev/orbital-belt/app/src/main/java/com/orbital/run/api/OtherAPIs.kt:569:68 Parameter '_callback' is never used
w: file:///C:/Users/lomic/Dev/orbital-belt/app/src/main/java/com/orbital/run/api/SyncOptimizer.kt:75:13 Variable 'afterTimestamp' is never used
w: file:///C:/Users/lomic/Dev/orbital-belt/app/src/main/java/com/orbital/run/api/SyncOptimizer.kt:86:13 Variable 'newActivities' is never used
w: file:///C:/Users/lomic/Dev/orbital-belt/app/src/main/java/com/orbital/run/api/SyncOptimizer.kt:171:9 Parameter 'context' is never used
w: file:///C:/Users/lomic/Dev/orbital-belt/app/src/main/java/com/orbital/run/logic/AdvancedAnalytics.kt:235:46 Parameter 'index' is never used, could be renamed to _
w: file:///C:/Users/lomic/Dev/orbital-belt/app/src/main/java/com/orbital/run/logic/AdvancedAnalytics.kt:337:29 Parameter 'gctMs' is never used
w: file:///C:/Users/lomic/Dev/orbital-belt/app/src/main/java/com/orbital/run/logic/AdvancedAnalytics.kt:337:44 Parameter 'durationSec' is never used
w: file:///C:/Users/lomic/Dev/orbital-belt/app/src/main/java/com/orbital/run/logic/AdvancedAnalytics.kt:337:65 Parameter 'distanceMeters' is never used
w: file:///C:/Users/lomic/Dev/orbital-belt/app/src/main/java/com/orbital/run/logic/Algorithm.kt:266:40 Parameter 'isMale' is never used
w: file:///C:/Users/lomic/Dev/orbital-belt/app/src/main/java/com/orbital/run/logic/Algorithm.kt:302:83 Parameter 'vma' is never used
w: file:///C:/Users/lomic/Dev/orbital-belt/app/src/main/java/com/orbital/run/logic/Algorithm.kt:370:99 Parameter 'phases' is never used
w: file:///C:/Users/lomic/Dev/orbital-belt/app/src/main/java/com/orbital/run/logic/Persistence.kt:489:13 Variable 'prefs' is never used
w: file:///C:/Users/lomic/Dev/orbital-belt/app/src/main/java/com/orbital/run/ui/ActivityDetailScreen.kt:1329:26 Parameter 'activity' is never used
w: file:///C:/Users/lomic/Dev/orbital-belt/app/src/main/java/com/orbital/run/ui/AnalyticsScreen.kt:66:9 Variable 'coachInsight' is never used
w: file:///C:/Users/lomic/Dev/orbital-belt/app/src/main/java/com/orbital/run/ui/MainScreen.kt:99:21 Variable 'wasConfigured' is never used
w: file:///C:/Users/lomic/Dev/orbital-belt/app/src/main/java/com/orbital/run/ui/ProfessionalCharts.kt:872:9 Variable 'textMeasurer' is never used
w: file:///C:/Users/lomic/Dev/orbital-belt/app/src/main/java/com/orbital/run/ui/ProfessionalCharts.kt:873:9 Variable 'labelStyle' is never used
w: file:///C:/Users/lomic/Dev/orbital-belt/app/src/main/java/com/orbital/run/ui/ProfessionalCharts.kt:1315:21 Name shadowed: cw
w: file:///C:/Users/lomic/Dev/orbital-belt/app/src/main/java/com/orbital/run/ui/RecapScreen.kt:215:21 Variable 'streak' is never used
w: file:///C:/Users/lomic/Dev/orbital-belt/app/src/main/java/com/orbital/run/ui/ShareActivityDialog.kt:265:5 Parameter 'context' is never used
w: file:///C:/Users/lomic/Dev/orbital-belt/app/src/main/java/com/orbital/run/ui/ShareActivityDialog.kt:325:107 Parameter 'settings' is never used
w: file:///C:/Users/lomic/Dev/orbital-belt/app/src/main/java/com/orbital/run/ui/ShareActivityDialog.kt:357:5 Parameter 'height' is never used
w: file:///C:/Users/lomic/Dev/orbital-belt/app/src/main/java/com/orbital/run/ui/ShareActivityDialog.kt:422:109 Parameter 'settings' is never used
w: file:///C:/Users/lomic/Dev/orbital-belt/app/src/main/java/com/orbital/run/ui/ShareActivityDialog.kt:524:44 'insertImage(ContentResolver!, Bitmap!, String!, String!): String!' is deprecated. Deprecated in Java

> Task :app:compileReleaseJavaWithJavac

> Task :app:generateReleaseLintVitalReportModel
Generating lint files for backported methods only (compile API B)

> Task :app:lintVitalAnalyzeRelease
> Task :app:dexBuilderRelease
> Task :app:mergeReleaseGlobalSynthetics
> Task :app:processReleaseJavaRes
> Task :app:mergeReleaseJavaResource
> Task :app:mergeDexRelease
> Task :app:compileReleaseArtProfile
> Task :app:packageRelease
> Task :app:createReleaseApkListingFileRedirect
> Task :app:lintVitalReportRelease
> Task :app:lintVitalRelease
> Task :app:assembleRelease

BUILD SUCCESSFUL in 17m 39s
48 actionable tasks: 48 executed
